Using pre-set license
Built from '2020.3/staging' branch; Version is '2020.3.26f1 (7298b473bc1a) revision 7510196'; Using compiler version '192528614'; Build Type 'Release'
OS: 'Windows 10  (10.0.19044) 64bit Core' Language: 'en' Physical Memory: 16296 MB
BatchMode: 1, IsHumanControllingUs: 0, StartBugReporterOnCrash: 0, Is64bit: 1, IsPro: 0

COMMAND LINE ARGUMENTS:
D:\Program Files\Unity\2020.3.26f1\Editor\Unity.exe
-adb2
-batchMode
-noUpm
-name
AssetImportWorker0
-projectPath
D:/Projects/Unity Projects/TPCombat
-logFile
Logs/AssetImportWorker0.log
-srvPort
49567
Successfully changed project path to: D:/Projects/Unity Projects/TPCombat
D:/Projects/Unity Projects/TPCombat
Using Asset Import Pipeline V2.
Refreshing native plugins compatible for Editor in 697.16 ms, found 2 plugins.
Preloading 0 native plugins for Editor in 0.00 ms.
Initialize engine version: 2020.3.26f1 (7298b473bc1a)
[Subsystems] Discovering subsystems at path D:/Program Files/Unity/2020.3.26f1/Editor/Data/Resources/UnitySubsystems
[Subsystems] Discovering subsystems at path D:/Projects/Unity Projects/TPCombat/Assets
GfxDevice: creating device client; threaded=0
Direct3D:
    Version:  Direct3D 11.0 [level 11.0]
    Renderer: NVIDIA GeForce GTX 960M (ID=0x139b)
    Vendor:   
    VRAM:     4055 MB
    Driver:   31.0.15.1659
Initialize mono
Mono path[0] = 'D:/Program Files/Unity/2020.3.26f1/Editor/Data/Managed'
Mono path[1] = 'D:/Program Files/Unity/2020.3.26f1/Editor/Data/MonoBleedingEdge/lib/mono/unityjit'
Mono config path = 'D:/Program Files/Unity/2020.3.26f1/Editor/Data/MonoBleedingEdge/etc'
Using monoOptions --debugger-agent=transport=dt_socket,embedding=1,server=y,suspend=n,address=127.0.0.1:56336
Begin MonoManager ReloadAssembly
Registering precompiled unity dll's ...
Register platform support module: D:/Program Files/Unity/2020.3.26f1/Editor/Data/PlaybackEngines/WebGLSupport/UnityEditor.WebGL.Extensions.dll
Register platform support module: D:/Program Files/Unity/2020.3.26f1/Editor/Data/PlaybackEngines/WindowsStandaloneSupport/UnityEditor.WindowsStandalone.Extensions.dll
Registered in 0.005287 seconds.
Native extension for WindowsStandalone target not found
Native extension for WebGL target not found
Refreshing native plugins compatible for Editor in 91.57 ms, found 2 plugins.
Preloading 0 native plugins for Editor in 0.00 ms.
Mono: successfully reloaded assembly
- Completed reload, in  2.081 seconds
Domain Reload Profiling:
	ReloadAssembly (2081ms)
		BeginReloadAssembly (464ms)
			ExecutionOrderSort (0ms)
			DisableScriptedObjects (0ms)
			BackupInstance (0ms)
			ReleaseScriptingObjects (0ms)
			CreateAndSetChildDomain (4ms)
		EndReloadAssembly (969ms)
			LoadAssemblies (463ms)
			RebuildTransferFunctionScriptingTraits (1ms)
			SetupTypeCache (416ms)
			ReleaseScriptCaches (0ms)
			RebuildScriptCaches (51ms)
			SetupLoadedEditorAssemblies (319ms)
				LogAssemblyErrors (0ms)
				InitializePlatformSupportModulesInManaged (8ms)
				SetLoadedEditorAssemblies (0ms)
				RefreshPlugins (92ms)
				BeforeProcessingInitializeOnLoad (28ms)
				ProcessInitializeOnLoadAttributes (145ms)
				ProcessInitializeOnLoadMethodAttributes (45ms)
				AfterProcessingInitializeOnLoad (0ms)
				EditorAssembliesLoaded (0ms)
			ExecutionOrderSort2 (0ms)
			AwakeInstancesAfterBackupRestoration (0ms)
Platform modules already initialized, skipping
Registering precompiled user dll's ...
Registered in 0.007722 seconds.
Begin MonoManager ReloadAssembly
Native extension for WindowsStandalone target not found
Native extension for WebGL target not found
Refreshing native plugins compatible for Editor in 137.46 ms, found 2 plugins.
Preloading 0 native plugins for Editor in 0.00 ms.
Mono: successfully reloaded assembly
- Completed reload, in  2.560 seconds
Domain Reload Profiling:
	ReloadAssembly (2561ms)
		BeginReloadAssembly (279ms)
			ExecutionOrderSort (0ms)
			DisableScriptedObjects (8ms)
			BackupInstance (0ms)
			ReleaseScriptingObjects (0ms)
			CreateAndSetChildDomain (32ms)
		EndReloadAssembly (2185ms)
			LoadAssemblies (193ms)
			RebuildTransferFunctionScriptingTraits (0ms)
			SetupTypeCache (911ms)
			ReleaseScriptCaches (1ms)
			RebuildScriptCaches (132ms)
			SetupLoadedEditorAssemblies (696ms)
				LogAssemblyErrors (0ms)
				InitializePlatformSupportModulesInManaged (8ms)
				SetLoadedEditorAssemblies (1ms)
				RefreshPlugins (138ms)
				BeforeProcessingInitializeOnLoad (176ms)
				ProcessInitializeOnLoadAttributes (351ms)
				ProcessInitializeOnLoadMethodAttributes (18ms)
				AfterProcessingInitializeOnLoad (5ms)
				EditorAssembliesLoaded (1ms)
			ExecutionOrderSort2 (0ms)
			AwakeInstancesAfterBackupRestoration (15ms)
Platform modules already initialized, skipping
========================================================================
Worker process is ready to serve import requests
Launched and connected shader compiler UnityShaderCompiler.exe after 0.10 seconds
Refreshing native plugins compatible for Editor in 4.09 ms, found 2 plugins.
Preloading 0 native plugins for Editor in 0.00 ms.
Unloading 2811 Unused Serialized files (Serialized files now loaded: 0)
System memory in use before: 126.0 MB.
System memory in use after: 126.2 MB.

Unloading 20 unused Assets to reduce memory usage. Loaded Objects now: 3241.
Total: 7.458300 ms (FindLiveObjects: 0.535100 ms CreateObjectMapping: 0.515600 ms MarkObjects: 6.241100 ms  DeleteObjects: 0.164400 ms)

AssetImportParameters requested are different than current active one (requested -> active):
  custom:framework-win-MediaFoundation: 216162199b28c13a410421893ffa2e32 -> 
  custom:video-decoder-ogg-theora: a1e56fd34408186e4bbccfd4996cb3dc -> 
  custom:container-muxer-webm: aa71ff27fc2769a1b78a27578f13a17b -> 
  custom:container-demuxer-webm: 4f35f7cbe854078d1ac9338744f61a02 -> 
  custom:container-demuxer-ogg: 62fdf1f143b41e24485cea50d1cbac27 -> 
  custom:video-encoder-webm-vp8: eb34c28f22e8b96e1ab97ce403110664 -> 
  custom:video-decoder-webm-vp8: 9c59270c3fd7afecdb556c50c9e8de78 -> 
  custom:audio-decoder-ogg-vorbis: bf7c407c2cedff20999df2af8eb42d56 -> 
  custom:audio-encoder-webm-vorbis: bf7c407c2cedff20999df2af8eb42d56 -> 
========================================================================
Received Import Request.
  path: Assets/Readme.asset
  artifactKey: Guid(83c2ed844a8c74b779a4c823d16594b1) Importer(815301076,1909f56bfc062723c751e8b465ee728b)
Start importing Assets/Readme.asset using Guid(83c2ed844a8c74b779a4c823d16594b1) Importer(815301076,1909f56bfc062723c751e8b465ee728b)  -> (artifact id: '8ffd2c44ffeb50c574abb5d0c4453328') in 0.101325 seconds 
  Import took 0.118793 seconds .

========================================================================
Received Import Request.
  Time since last request: 8.038634 seconds.
  path: Assets/Scenes
  artifactKey: Guid(6683e714b5b4f154b8e9dfb9db0db30d) Importer(815301076,1909f56bfc062723c751e8b465ee728b)
Start importing Assets/Scenes using Guid(6683e714b5b4f154b8e9dfb9db0db30d) Importer(815301076,1909f56bfc062723c751e8b465ee728b)  -> (artifact id: '27b9ee7aa1e8a0066ecd0d8676291488') in 0.015025 seconds 
  Import took 0.022989 seconds .

========================================================================
Received Import Request.
  Time since last request: 3.151741 seconds.
  path: Assets
  artifactKey: Guid(00000000000000001000000000000000) Importer(815301076,1909f56bfc062723c751e8b465ee728b)
Start importing Assets using Guid(00000000000000001000000000000000) Importer(815301076,1909f56bfc062723c751e8b465ee728b)  -> (artifact id: '42d402b061de3733987d63b9cc3b64de') in 0.013068 seconds 
  Import took 0.020837 seconds .

========================================================================
Received Import Request.
  Time since last request: 9.062900 seconds.
  path: Assets/URP
  artifactKey: Guid(d991936cbfdf3bf4a8b47c4a9d01fe42) Importer(815301076,1909f56bfc062723c751e8b465ee728b)
Start importing Assets/URP using Guid(d991936cbfdf3bf4a8b47c4a9d01fe42) Importer(815301076,1909f56bfc062723c751e8b465ee728b)  -> (artifact id: 'bc6b9cdae9219af7e5b7d1b9ea67274f') in 0.068734 seconds 
  Import took 0.095452 seconds .

========================================================================
Received Import Request.
  Time since last request: 10.197821 seconds.
  path: Assets/URP/Materials
  artifactKey: Guid(d0234ba368eeec9418390da711bfdad0) Importer(815301076,1909f56bfc062723c751e8b465ee728b)
Start importing Assets/URP/Materials using Guid(d0234ba368eeec9418390da711bfdad0) Importer(815301076,1909f56bfc062723c751e8b465ee728b)  -> (artifact id: 'dd1fccef896d48891410691dfde716e5') in 0.552074 seconds 
  Import took 1.797709 seconds .

========================================================================
Received Prepare
Registering precompiled user dll's ...
Registered in 0.008221 seconds.
Begin MonoManager ReloadAssembly
Native extension for WindowsStandalone target not found
Native extension for WebGL target not found
Refreshing native plugins compatible for Editor in 0.80 ms, found 2 plugins.
Preloading 0 native plugins for Editor in 0.00 ms.
Mono: successfully reloaded assembly
- Completed reload, in  2.611 seconds
Domain Reload Profiling:
	ReloadAssembly (2611ms)
		BeginReloadAssembly (184ms)
			ExecutionOrderSort (0ms)
			DisableScriptedObjects (7ms)
			BackupInstance (0ms)
			ReleaseScriptingObjects (0ms)
			CreateAndSetChildDomain (49ms)
		EndReloadAssembly (2345ms)
			LoadAssemblies (174ms)
			RebuildTransferFunctionScriptingTraits (0ms)
			SetupTypeCache (528ms)
			ReleaseScriptCaches (2ms)
			RebuildScriptCaches (58ms)
			SetupLoadedEditorAssemblies (447ms)
				LogAssemblyErrors (0ms)
				InitializePlatformSupportModulesInManaged (8ms)
				SetLoadedEditorAssemblies (1ms)
				RefreshPlugins (1ms)
				BeforeProcessingInitializeOnLoad (127ms)
				ProcessInitializeOnLoadAttributes (293ms)
				ProcessInitializeOnLoadMethodAttributes (14ms)
				AfterProcessingInitializeOnLoad (3ms)
				EditorAssembliesLoaded (0ms)
			ExecutionOrderSort2 (0ms)
			AwakeInstancesAfterBackupRestoration (14ms)
Platform modules already initialized, skipping
Refreshing native plugins compatible for Editor in 0.72 ms, found 2 plugins.
Preloading 0 native plugins for Editor in 0.00 ms.
Unloading 2701 Unused Serialized files (Serialized files now loaded: 0)
System memory in use before: 118.8 MB.
System memory in use after: 119.0 MB.

Unloading 15 unused Assets to reduce memory usage. Loaded Objects now: 3243.
Total: 4.627800 ms (FindLiveObjects: 0.276700 ms CreateObjectMapping: 0.162700 ms MarkObjects: 4.153800 ms  DeleteObjects: 0.032900 ms)

AssetImportParameters requested are different than current active one (requested -> active):
  custom:framework-win-MediaFoundation: 216162199b28c13a410421893ffa2e32 -> 
  custom:video-decoder-ogg-theora: a1e56fd34408186e4bbccfd4996cb3dc -> 
  custom:container-muxer-webm: aa71ff27fc2769a1b78a27578f13a17b -> 
  custom:container-demuxer-webm: 4f35f7cbe854078d1ac9338744f61a02 -> 
  custom:container-demuxer-ogg: 62fdf1f143b41e24485cea50d1cbac27 -> 
  custom:video-encoder-webm-vp8: eb34c28f22e8b96e1ab97ce403110664 -> 
  custom:video-decoder-webm-vp8: 9c59270c3fd7afecdb556c50c9e8de78 -> 
  custom:audio-decoder-ogg-vorbis: bf7c407c2cedff20999df2af8eb42d56 -> 
  custom:audio-encoder-webm-vorbis: bf7c407c2cedff20999df2af8eb42d56 -> 
========================================================================
Received Prepare
Registering precompiled user dll's ...
Registered in 0.007009 seconds.
Begin MonoManager ReloadAssembly
Native extension for WindowsStandalone target not found
Native extension for WebGL target not found
Refreshing native plugins compatible for Editor in 0.83 ms, found 2 plugins.
Preloading 0 native plugins for Editor in 0.00 ms.
Mono: successfully reloaded assembly
- Completed reload, in  1.635 seconds
Domain Reload Profiling:
	ReloadAssembly (1635ms)
		BeginReloadAssembly (175ms)
			ExecutionOrderSort (0ms)
			DisableScriptedObjects (7ms)
			BackupInstance (0ms)
			ReleaseScriptingObjects (0ms)
			CreateAndSetChildDomain (51ms)
		EndReloadAssembly (1374ms)
			LoadAssemblies (170ms)
			RebuildTransferFunctionScriptingTraits (0ms)
			SetupTypeCache (518ms)
			ReleaseScriptCaches (2ms)
			RebuildScriptCaches (62ms)
			SetupLoadedEditorAssemblies (467ms)
				LogAssemblyErrors (0ms)
				InitializePlatformSupportModulesInManaged (7ms)
				SetLoadedEditorAssemblies (1ms)
				RefreshPlugins (1ms)
				BeforeProcessingInitializeOnLoad (131ms)
				ProcessInitializeOnLoadAttributes (309ms)
				ProcessInitializeOnLoadMethodAttributes (14ms)
				AfterProcessingInitializeOnLoad (3ms)
				EditorAssembliesLoaded (0ms)
			ExecutionOrderSort2 (0ms)
			AwakeInstancesAfterBackupRestoration (15ms)
Platform modules already initialized, skipping
Refreshing native plugins compatible for Editor in 0.74 ms, found 2 plugins.
Preloading 0 native plugins for Editor in 0.00 ms.
Unloading 2701 Unused Serialized files (Serialized files now loaded: 0)
System memory in use before: 118.8 MB.
System memory in use after: 119.0 MB.

Unloading 15 unused Assets to reduce memory usage. Loaded Objects now: 3245.
Total: 4.847200 ms (FindLiveObjects: 0.486800 ms CreateObjectMapping: 0.329000 ms MarkObjects: 3.995000 ms  DeleteObjects: 0.035000 ms)

AssetImportParameters requested are different than current active one (requested -> active):
  custom:framework-win-MediaFoundation: 216162199b28c13a410421893ffa2e32 -> 
  custom:video-decoder-ogg-theora: a1e56fd34408186e4bbccfd4996cb3dc -> 
  custom:container-muxer-webm: aa71ff27fc2769a1b78a27578f13a17b -> 
  custom:container-demuxer-webm: 4f35f7cbe854078d1ac9338744f61a02 -> 
  custom:container-demuxer-ogg: 62fdf1f143b41e24485cea50d1cbac27 -> 
  custom:video-encoder-webm-vp8: eb34c28f22e8b96e1ab97ce403110664 -> 
  custom:video-decoder-webm-vp8: 9c59270c3fd7afecdb556c50c9e8de78 -> 
  custom:audio-decoder-ogg-vorbis: bf7c407c2cedff20999df2af8eb42d56 -> 
  custom:audio-encoder-webm-vorbis: bf7c407c2cedff20999df2af8eb42d56 -> 
========================================================================
Received Prepare
Registering precompiled user dll's ...
Registered in 0.006264 seconds.
Begin MonoManager ReloadAssembly
Native extension for WindowsStandalone target not found
Native extension for WebGL target not found
Refreshing native plugins compatible for Editor in 0.72 ms, found 2 plugins.
Preloading 0 native plugins for Editor in 0.00 ms.
Mono: successfully reloaded assembly
- Completed reload, in  1.628 seconds
Domain Reload Profiling:
	ReloadAssembly (1629ms)
		BeginReloadAssembly (193ms)
			ExecutionOrderSort (0ms)
			DisableScriptedObjects (7ms)
			BackupInstance (0ms)
			ReleaseScriptingObjects (0ms)
			CreateAndSetChildDomain (57ms)
		EndReloadAssembly (1348ms)
			LoadAssemblies (174ms)
			RebuildTransferFunctionScriptingTraits (0ms)
			SetupTypeCache (493ms)
			ReleaseScriptCaches (2ms)
			RebuildScriptCaches (65ms)
			SetupLoadedEditorAssemblies (481ms)
				LogAssemblyErrors (0ms)
				InitializePlatformSupportModulesInManaged (7ms)
				SetLoadedEditorAssemblies (1ms)
				RefreshPlugins (1ms)
				BeforeProcessingInitializeOnLoad (131ms)
				ProcessInitializeOnLoadAttributes (326ms)
				ProcessInitializeOnLoadMethodAttributes (12ms)
				AfterProcessingInitializeOnLoad (3ms)
				EditorAssembliesLoaded (0ms)
			ExecutionOrderSort2 (0ms)
			AwakeInstancesAfterBackupRestoration (15ms)
Platform modules already initialized, skipping
Refreshing native plugins compatible for Editor in 0.68 ms, found 2 plugins.
Preloading 0 native plugins for Editor in 0.00 ms.
Unloading 2700 Unused Serialized files (Serialized files now loaded: 0)
System memory in use before: 118.8 MB.
System memory in use after: 119.0 MB.

Unloading 15 unused Assets to reduce memory usage. Loaded Objects now: 3247.
Total: 4.681600 ms (FindLiveObjects: 0.324800 ms CreateObjectMapping: 0.246500 ms MarkObjects: 4.078200 ms  DeleteObjects: 0.030800 ms)

AssetImportParameters requested are different than current active one (requested -> active):
  custom:framework-win-MediaFoundation: 216162199b28c13a410421893ffa2e32 -> 
  custom:video-decoder-ogg-theora: a1e56fd34408186e4bbccfd4996cb3dc -> 
  custom:container-muxer-webm: aa71ff27fc2769a1b78a27578f13a17b -> 
  custom:container-demuxer-webm: 4f35f7cbe854078d1ac9338744f61a02 -> 
  custom:container-demuxer-ogg: 62fdf1f143b41e24485cea50d1cbac27 -> 
  custom:video-encoder-webm-vp8: eb34c28f22e8b96e1ab97ce403110664 -> 
  custom:video-decoder-webm-vp8: 9c59270c3fd7afecdb556c50c9e8de78 -> 
  custom:audio-decoder-ogg-vorbis: bf7c407c2cedff20999df2af8eb42d56 -> 
  custom:audio-encoder-webm-vorbis: bf7c407c2cedff20999df2af8eb42d56 -> 
========================================================================
Received Prepare
Registering precompiled user dll's ...
Registered in 0.004443 seconds.
Begin MonoManager ReloadAssembly
Native extension for WindowsStandalone target not found
Native extension for WebGL target not found
Refreshing native plugins compatible for Editor in 0.76 ms, found 2 plugins.
Preloading 0 native plugins for Editor in 0.00 ms.
Mono: successfully reloaded assembly
- Completed reload, in  1.631 seconds
Domain Reload Profiling:
	ReloadAssembly (1632ms)
		BeginReloadAssembly (200ms)
			ExecutionOrderSort (0ms)
			DisableScriptedObjects (7ms)
			BackupInstance (0ms)
			ReleaseScriptingObjects (0ms)
			CreateAndSetChildDomain (55ms)
		EndReloadAssembly (1344ms)
			LoadAssemblies (173ms)
			RebuildTransferFunctionScriptingTraits (0ms)
			SetupTypeCache (510ms)
			ReleaseScriptCaches (3ms)
			RebuildScriptCaches (62ms)
			SetupLoadedEditorAssemblies (437ms)
				LogAssemblyErrors (0ms)
				InitializePlatformSupportModulesInManaged (7ms)
				SetLoadedEditorAssemblies (1ms)
				RefreshPlugins (1ms)
				BeforeProcessingInitializeOnLoad (129ms)
				ProcessInitializeOnLoadAttributes (283ms)
				ProcessInitializeOnLoadMethodAttributes (12ms)
				AfterProcessingInitializeOnLoad (3ms)
				EditorAssembliesLoaded (0ms)
			ExecutionOrderSort2 (0ms)
			AwakeInstancesAfterBackupRestoration (15ms)
Platform modules already initialized, skipping
Refreshing native plugins compatible for Editor in 0.74 ms, found 2 plugins.
Preloading 0 native plugins for Editor in 0.00 ms.
Unloading 2704 Unused Serialized files (Serialized files now loaded: 0)
System memory in use before: 118.9 MB.
System memory in use after: 119.1 MB.

Unloading 12 unused Assets to reduce memory usage. Loaded Objects now: 3257.
Total: 4.545600 ms (FindLiveObjects: 0.348100 ms CreateObjectMapping: 0.160300 ms MarkObjects: 4.011500 ms  DeleteObjects: 0.024100 ms)

AssetImportParameters requested are different than current active one (requested -> active):
  custom:framework-win-MediaFoundation: 216162199b28c13a410421893ffa2e32 -> 
  custom:video-decoder-ogg-theora: a1e56fd34408186e4bbccfd4996cb3dc -> 
  custom:container-muxer-webm: aa71ff27fc2769a1b78a27578f13a17b -> 
  custom:container-demuxer-webm: 4f35f7cbe854078d1ac9338744f61a02 -> 
  custom:container-demuxer-ogg: 62fdf1f143b41e24485cea50d1cbac27 -> 
  custom:video-encoder-webm-vp8: eb34c28f22e8b96e1ab97ce403110664 -> 
  custom:video-decoder-webm-vp8: 9c59270c3fd7afecdb556c50c9e8de78 -> 
  custom:audio-decoder-ogg-vorbis: bf7c407c2cedff20999df2af8eb42d56 -> 
  custom:audio-encoder-webm-vorbis: bf7c407c2cedff20999df2af8eb42d56 -> 
========================================================================
Received Import Request.
  Time since last request: 459.560010 seconds.
  path: Assets/Ch24_nonPBR.fbx
  artifactKey: Guid(2e48824ffd4016f47903f4bba5b7c377) Importer(815301076,1909f56bfc062723c751e8b465ee728b)
Start importing Assets/Ch24_nonPBR.fbx using Guid(2e48824ffd4016f47903f4bba5b7c377) Importer(815301076,1909f56bfc062723c751e8b465ee728b)  -> (artifact id: '3431f7ac80d3a387e6109c92c4dad024') in 1.265388 seconds 
  Import took 1.272270 seconds .

========================================================================
Received Import Request.
  Time since last request: 0.000239 seconds.
  path: Assets/Ch24_nonPBR@Warrior Idle.fbx
  artifactKey: Guid(2256d794a08916e4d83901ac0310ceb4) Importer(815301076,1909f56bfc062723c751e8b465ee728b)
Start importing Assets/Ch24_nonPBR@Warrior Idle.fbx using Guid(2256d794a08916e4d83901ac0310ceb4) Importer(815301076,1909f56bfc062723c751e8b465ee728b)  -> (artifact id: '452c4a8fe60dca53fdd78afab474a2d1') in 0.018073 seconds 
  Import took 0.025743 seconds .

========================================================================
Received Import Request.
  Time since last request: 5.162640 seconds.
  path: Assets/Meshes
  artifactKey: Guid(293c59ac59529aa4c8e18afb53f78b9c) Importer(815301076,1909f56bfc062723c751e8b465ee728b)
Start importing Assets/Meshes using Guid(293c59ac59529aa4c8e18afb53f78b9c) Importer(815301076,1909f56bfc062723c751e8b465ee728b)  -> (artifact id: 'f3b465eb6cd913ffc9f0950f8edf62c1') in 0.008773 seconds 
  Import took 0.015020 seconds .

========================================================================
Received Import Request.
  Time since last request: 6.818279 seconds.
  path: Assets/Animations
  artifactKey: Guid(7414c3a17d881cc4a8c3f9c7efbc9559) Importer(815301076,1909f56bfc062723c751e8b465ee728b)
Start importing Assets/Animations using Guid(7414c3a17d881cc4a8c3f9c7efbc9559) Importer(815301076,1909f56bfc062723c751e8b465ee728b)  -> (artifact id: '75f6f14d4317a98825adcdecc9dab98c') in 0.007890 seconds 
  Import took 0.014063 seconds .

========================================================================
Received Import Request.
  Time since last request: 2.974753 seconds.
  path: Assets/Meshes/Ch24_nonPBR.fbx
  artifactKey: Guid(2e48824ffd4016f47903f4bba5b7c377) Importer(815301076,1909f56bfc062723c751e8b465ee728b)
Start importing Assets/Meshes/Ch24_nonPBR.fbx using Guid(2e48824ffd4016f47903f4bba5b7c377) Importer(815301076,1909f56bfc062723c751e8b465ee728b)  -> (artifact id: '38168a7341c36f62e025171b51397c72') in 0.060509 seconds 
  Import took 0.075224 seconds .

========================================================================
Received Import Request.
  Time since last request: 71.382610 seconds.
  path: Assets/Meshes/Ch24_nonPBR.fbx
  artifactKey: Guid(2e48824ffd4016f47903f4bba5b7c377) Importer(815301076,1909f56bfc062723c751e8b465ee728b)
Start importing Assets/Meshes/Ch24_nonPBR.fbx using Guid(2e48824ffd4016f47903f4bba5b7c377) Importer(815301076,1909f56bfc062723c751e8b465ee728b)  -> (artifact id: '8934be9d70b2b72b0eeaa4e29fd03eae') in 0.136491 seconds 
  Import took 0.144765 seconds .

========================================================================
Received Import Request.
  Time since last request: 0.000232 seconds.
  path: Assets/Meshes/Ch24_1001_Glossiness.png
  artifactKey: Guid(578849e108240e747a0112d43c3beca0) Importer(815301076,1909f56bfc062723c751e8b465ee728b)
Start importing Assets/Meshes/Ch24_1001_Glossiness.png using Guid(578849e108240e747a0112d43c3beca0) Importer(815301076,1909f56bfc062723c751e8b465ee728b)  -> (artifact id: '2a972bf223bdabd9db5276af6bf08e4d') in 0.044186 seconds 
  Import took 0.050474 seconds .

========================================================================
Received Import Request.
  Time since last request: 0.000232 seconds.
  path: Assets/Meshes/Ch24_1001_Diffuse.png
  artifactKey: Guid(73cf234943e395e409a62b6e04bbb9bd) Importer(815301076,1909f56bfc062723c751e8b465ee728b)
Start importing Assets/Meshes/Ch24_1001_Diffuse.png using Guid(73cf234943e395e409a62b6e04bbb9bd) Importer(815301076,1909f56bfc062723c751e8b465ee728b)  -> (artifact id: '7350c2ad5d5a2eabc2c5e7d38aed0dad') in 0.027951 seconds 
  Import took 0.034295 seconds .

========================================================================
Received Import Request.
  Time since last request: 0.000246 seconds.
  path: Assets/Meshes/Ch24_1001_Normal.png
  artifactKey: Guid(1b1d1cdcf5db59144badd2156130dc67) Importer(815301076,1909f56bfc062723c751e8b465ee728b)
Start importing Assets/Meshes/Ch24_1001_Normal.png using Guid(1b1d1cdcf5db59144badd2156130dc67) Importer(815301076,1909f56bfc062723c751e8b465ee728b)  -> (artifact id: '06e89eafc275982e8782582251cb04ad') in 0.034623 seconds 
  Import took 0.041942 seconds .

========================================================================
Received Import Request.
  Time since last request: 0.000378 seconds.
  path: Assets/Meshes/Ch24_1001_Specular.png
  artifactKey: Guid(cbbd39172c4bb124d969af3aef8cbad3) Importer(815301076,1909f56bfc062723c751e8b465ee728b)
Start importing Assets/Meshes/Ch24_1001_Specular.png using Guid(cbbd39172c4bb124d969af3aef8cbad3) Importer(815301076,1909f56bfc062723c751e8b465ee728b)  -> (artifact id: '1fc335df7a5ea2c10ee742f69aeb2b6b') in 0.031086 seconds 
  Import took 0.038862 seconds .

========================================================================
Received Import Request.
  Time since last request: 3.147531 seconds.
  path: Assets/Meshes/Ch24_1001_Normal.png
  artifactKey: Guid(1b1d1cdcf5db59144badd2156130dc67) Importer(815301076,1909f56bfc062723c751e8b465ee728b)
Start importing Assets/Meshes/Ch24_1001_Normal.png using Guid(1b1d1cdcf5db59144badd2156130dc67) Importer(815301076,1909f56bfc062723c751e8b465ee728b)  -> (artifact id: '66d0c9f9a9d1dad3cb7210bef373a272') in 0.058839 seconds 
  Import took 0.067542 seconds .

========================================================================
Received Import Request.
  Time since last request: 9.208131 seconds.
  path: Assets/Meshes/CharTextures
  artifactKey: Guid(48a8e808e5b313341a464b3ae9941f6e) Importer(815301076,1909f56bfc062723c751e8b465ee728b)
Start importing Assets/Meshes/CharTextures using Guid(48a8e808e5b313341a464b3ae9941f6e) Importer(815301076,1909f56bfc062723c751e8b465ee728b)  -> (artifact id: 'bf8e03bf0508d04df95b10f151bec32f') in 0.008449 seconds 
  Import took 0.015378 seconds .

========================================================================
Received Import Request.
  Time since last request: 13.992897 seconds.
  path: Assets/Scripts
  artifactKey: Guid(e62ae08bee882e54ea9137d931945fa4) Importer(815301076,1909f56bfc062723c751e8b465ee728b)
Start importing Assets/Scripts using Guid(e62ae08bee882e54ea9137d931945fa4) Importer(815301076,1909f56bfc062723c751e8b465ee728b)  -> (artifact id: 'eb629b0a210c15dc0a65353f4c4cd091') in 0.008181 seconds 
  Import took 0.014372 seconds .

========================================================================
Received Import Request.
  Time since last request: 50.698010 seconds.
  path: Assets/Meshes/Ch24_nonPBR.fbx
  artifactKey: Guid(2e48824ffd4016f47903f4bba5b7c377) Importer(815301076,1909f56bfc062723c751e8b465ee728b)
Start importing Assets/Meshes/Ch24_nonPBR.fbx using Guid(2e48824ffd4016f47903f4bba5b7c377) Importer(815301076,1909f56bfc062723c751e8b465ee728b)  -> (artifact id: 'fe7c8cd413297841a8782646a70e02d6') in 0.074577 seconds 
  Import took 0.083564 seconds .

========================================================================
Received Import Request.
  Time since last request: 0.069209 seconds.
  path: Assets/Meshes/Ch24_Body.mat
  artifactKey: Guid(e58133e0852d3b847bc069efa6197b30) Importer(815301076,1909f56bfc062723c751e8b465ee728b)
Start importing Assets/Meshes/Ch24_Body.mat using Guid(e58133e0852d3b847bc069efa6197b30) Importer(815301076,1909f56bfc062723c751e8b465ee728b)  -> (artifact id: '6e6a01d74d0d8d3eee8668faf8a376f0') in 0.072911 seconds 
  Import took 0.083781 seconds .

========================================================================
Received Import Request.
  Time since last request: 59.051652 seconds.
  path: Assets/Prefabs
  artifactKey: Guid(2775f28f60e418f4ca814aff0f631c76) Importer(815301076,1909f56bfc062723c751e8b465ee728b)
Start importing Assets/Prefabs using Guid(2775f28f60e418f4ca814aff0f631c76) Importer(815301076,1909f56bfc062723c751e8b465ee728b)  -> (artifact id: '6a1a7ad3399962b646a15a39bbc44fe8') in 0.009451 seconds 
  Import took 0.016305 seconds .

========================================================================
Received Import Request.
  Time since last request: 29.230956 seconds.
  path: Assets/Animations/Ch24_nonPBR@Warrior Idle.fbx
  artifactKey: Guid(2256d794a08916e4d83901ac0310ceb4) Importer(815301076,1909f56bfc062723c751e8b465ee728b)
Start importing Assets/Animations/Ch24_nonPBR@Warrior Idle.fbx using Guid(2256d794a08916e4d83901ac0310ceb4) Importer(815301076,1909f56bfc062723c751e8b465ee728b)  -> (artifact id: 'ae33cf9410501818fdf210b0891c7e4c') in 0.015141 seconds 
  Import took 0.023448 seconds .

========================================================================
Received Import Request.
  Time since last request: 15.953796 seconds.
  path: Assets/Meshes/Ch24_nonPBR.fbx
  artifactKey: Guid(2e48824ffd4016f47903f4bba5b7c377) Importer(815301076,1909f56bfc062723c751e8b465ee728b)
Start importing Assets/Meshes/Ch24_nonPBR.fbx using Guid(2e48824ffd4016f47903f4bba5b7c377) Importer(815301076,1909f56bfc062723c751e8b465ee728b)  -> (artifact id: '3b9ad9a4e6f7497fc31532de14f80cca') in 0.096982 seconds 
  Import took 0.106831 seconds .

========================================================================
Received Import Request.
  Time since last request: 29.954054 seconds.
  path: Assets/Scenes
  artifactKey: Guid(8f78becd2a0f4004a82d05830a77bf7d) Importer(815301076,1909f56bfc062723c751e8b465ee728b)
Start importing Assets/Scenes using Guid(8f78becd2a0f4004a82d05830a77bf7d) Importer(815301076,1909f56bfc062723c751e8b465ee728b)  -> (artifact id: '1b9ad508fb5011f680bdae795c0f6dc7') in 0.002857 seconds 
  Import took 0.009960 seconds .

========================================================================
Received Import Request.
  Time since last request: 13.320714 seconds.
  path: Assets/Meshes/Ninja.fbx
  artifactKey: Guid(2e48824ffd4016f47903f4bba5b7c377) Importer(815301076,1909f56bfc062723c751e8b465ee728b)
Start importing Assets/Meshes/Ninja.fbx using Guid(2e48824ffd4016f47903f4bba5b7c377) Importer(815301076,1909f56bfc062723c751e8b465ee728b)  -> (artifact id: 'fa50108ad3e9b42ad2c53d21aa135f1b') in 0.083619 seconds 
  Import took 0.092566 seconds .

========================================================================
Received Import Request.
  Time since last request: 31.178806 seconds.
  path: Assets/Animations/PlayerAC.controller
  artifactKey: Guid(8ac6aa1cbce416446af72effd0a43c64) Importer(815301076,1909f56bfc062723c751e8b465ee728b)
Start importing Assets/Animations/PlayerAC.controller using Guid(8ac6aa1cbce416446af72effd0a43c64) Importer(815301076,1909f56bfc062723c751e8b465ee728b)  -> (artifact id: '2d6ac325c7d9166c0a0a171ff1588adc') in 0.011710 seconds 
  Import took 0.017590 seconds .

========================================================================
Received Import Request.
  Time since last request: 16.546876 seconds.
  path: Assets/Animations/NinjaIdle.fbx
  artifactKey: Guid(2256d794a08916e4d83901ac0310ceb4) Importer(815301076,1909f56bfc062723c751e8b465ee728b)
Start importing Assets/Animations/NinjaIdle.fbx using Guid(2256d794a08916e4d83901ac0310ceb4) Importer(815301076,1909f56bfc062723c751e8b465ee728b)  -> (artifact id: '692c5698e5183d0999f1d62ce9c35fc5') in 0.020874 seconds 
  Import took 0.027772 seconds .

========================================================================
Received Import Request.
  Time since last request: 15.268668 seconds.
  path: Assets/Animations/NinjaIdle.fbx
  artifactKey: Guid(2256d794a08916e4d83901ac0310ceb4) Importer(815301076,1909f56bfc062723c751e8b465ee728b)
Start importing Assets/Animations/NinjaIdle.fbx using Guid(2256d794a08916e4d83901ac0310ceb4) Importer(815301076,1909f56bfc062723c751e8b465ee728b)  -> (artifact id: '36d39986d2fd43fe8f9d2c581c06b2c0') in 0.032871 seconds 
  Import took 0.063331 seconds .

========================================================================
Received Prepare
Registering precompiled user dll's ...
Registered in 0.004382 seconds.
Begin MonoManager ReloadAssembly
Native extension for WindowsStandalone target not found
Native extension for WebGL target not found
Refreshing native plugins compatible for Editor in 2.60 ms, found 2 plugins.
Preloading 0 native plugins for Editor in 0.00 ms.
Mono: successfully reloaded assembly
- Completed reload, in  3.106 seconds
Domain Reload Profiling:
	ReloadAssembly (3109ms)
		BeginReloadAssembly (304ms)
			ExecutionOrderSort (0ms)
			DisableScriptedObjects (12ms)
			BackupInstance (0ms)
			ReleaseScriptingObjects (0ms)
			CreateAndSetChildDomain (96ms)
		EndReloadAssembly (2638ms)
			LoadAssemblies (272ms)
			RebuildTransferFunctionScriptingTraits (0ms)
			SetupTypeCache (758ms)
			ReleaseScriptCaches (2ms)
			RebuildScriptCaches (89ms)
			SetupLoadedEditorAssemblies (1035ms)
				LogAssemblyErrors (0ms)
				InitializePlatformSupportModulesInManaged (12ms)
				SetLoadedEditorAssemblies (2ms)
				RefreshPlugins (3ms)
				BeforeProcessingInitializeOnLoad (158ms)
				ProcessInitializeOnLoadAttributes (804ms)
				ProcessInitializeOnLoadMethodAttributes (40ms)
				AfterProcessingInitializeOnLoad (15ms)
				EditorAssembliesLoaded (1ms)
			ExecutionOrderSort2 (0ms)
			AwakeInstancesAfterBackupRestoration (69ms)
Platform modules already initialized, skipping
Refreshing native plugins compatible for Editor in 0.89 ms, found 2 plugins.
Preloading 0 native plugins for Editor in 0.00 ms.
Unloading 2704 Unused Serialized files (Serialized files now loaded: 0)
System memory in use before: 138.6 MB.
System memory in use after: 138.8 MB.

Unloading 12 unused Assets to reduce memory usage. Loaded Objects now: 3347.
Total: 8.491000 ms (FindLiveObjects: 0.470000 ms CreateObjectMapping: 0.290800 ms MarkObjects: 7.683000 ms  DeleteObjects: 0.045200 ms)

AssetImportParameters requested are different than current active one (requested -> active):
  custom:framework-win-MediaFoundation: 216162199b28c13a410421893ffa2e32 -> 
  custom:video-decoder-ogg-theora: a1e56fd34408186e4bbccfd4996cb3dc -> 
  custom:container-muxer-webm: aa71ff27fc2769a1b78a27578f13a17b -> 
  custom:container-demuxer-webm: 4f35f7cbe854078d1ac9338744f61a02 -> 
  custom:container-demuxer-ogg: 62fdf1f143b41e24485cea50d1cbac27 -> 
  custom:video-encoder-webm-vp8: eb34c28f22e8b96e1ab97ce403110664 -> 
  custom:video-decoder-webm-vp8: 9c59270c3fd7afecdb556c50c9e8de78 -> 
  custom:audio-decoder-ogg-vorbis: bf7c407c2cedff20999df2af8eb42d56 -> 
  custom:audio-encoder-webm-vorbis: bf7c407c2cedff20999df2af8eb42d56 -> 
========================================================================
Received Import Request.
  Time since last request: 86.592774 seconds.
  path: Assets/Animations/NinjaIdle.fbx
  artifactKey: Guid(2256d794a08916e4d83901ac0310ceb4) Importer(815301076,1909f56bfc062723c751e8b465ee728b)
Start importing Assets/Animations/NinjaIdle.fbx using Guid(2256d794a08916e4d83901ac0310ceb4) Importer(815301076,1909f56bfc062723c751e8b465ee728b)  -> (artifact id: 'aef5966cf6e28ef09664778f71884fe5') in 0.067898 seconds 
  Import took 0.078404 seconds .

========================================================================
Received Prepare
Registering precompiled user dll's ...
Registered in 0.005395 seconds.
Begin MonoManager ReloadAssembly
Native extension for WindowsStandalone target not found
Native extension for WebGL target not found
Refreshing native plugins compatible for Editor in 0.87 ms, found 2 plugins.
Preloading 0 native plugins for Editor in 0.00 ms.
Mono: successfully reloaded assembly
- Completed reload, in  1.901 seconds
Domain Reload Profiling:
	ReloadAssembly (1901ms)
		BeginReloadAssembly (224ms)
			ExecutionOrderSort (0ms)
			DisableScriptedObjects (10ms)
			BackupInstance (0ms)
			ReleaseScriptingObjects (0ms)
			CreateAndSetChildDomain (57ms)
		EndReloadAssembly (1578ms)
			LoadAssemblies (203ms)
			RebuildTransferFunctionScriptingTraits (0ms)
			SetupTypeCache (605ms)
			ReleaseScriptCaches (3ms)
			RebuildScriptCaches (71ms)
			SetupLoadedEditorAssemblies (497ms)
				LogAssemblyErrors (0ms)
				InitializePlatformSupportModulesInManaged (8ms)
				SetLoadedEditorAssemblies (1ms)
				RefreshPlugins (1ms)
				BeforeProcessingInitializeOnLoad (144ms)
				ProcessInitializeOnLoadAttributes (322ms)
				ProcessInitializeOnLoadMethodAttributes (16ms)
				AfterProcessingInitializeOnLoad (4ms)
				EditorAssembliesLoaded (1ms)
			ExecutionOrderSort2 (0ms)
			AwakeInstancesAfterBackupRestoration (27ms)
Platform modules already initialized, skipping
Refreshing native plugins compatible for Editor in 0.74 ms, found 2 plugins.
Preloading 0 native plugins for Editor in 0.00 ms.
Unloading 2704 Unused Serialized files (Serialized files now loaded: 0)
System memory in use before: 138.6 MB.
System memory in use after: 138.9 MB.

Unloading 12 unused Assets to reduce memory usage. Loaded Objects now: 3349.
Total: 5.001600 ms (FindLiveObjects: 0.375000 ms CreateObjectMapping: 0.210300 ms MarkObjects: 4.389800 ms  DeleteObjects: 0.024800 ms)

AssetImportParameters requested are different than current active one (requested -> active):
  custom:framework-win-MediaFoundation: 216162199b28c13a410421893ffa2e32 -> 
  custom:video-decoder-ogg-theora: a1e56fd34408186e4bbccfd4996cb3dc -> 
  custom:container-muxer-webm: aa71ff27fc2769a1b78a27578f13a17b -> 
  custom:container-demuxer-webm: 4f35f7cbe854078d1ac9338744f61a02 -> 
  custom:container-demuxer-ogg: 62fdf1f143b41e24485cea50d1cbac27 -> 
  custom:video-encoder-webm-vp8: eb34c28f22e8b96e1ab97ce403110664 -> 
  custom:video-decoder-webm-vp8: 9c59270c3fd7afecdb556c50c9e8de78 -> 
  custom:audio-decoder-ogg-vorbis: bf7c407c2cedff20999df2af8eb42d56 -> 
  custom:audio-encoder-webm-vorbis: bf7c407c2cedff20999df2af8eb42d56 -> 
========================================================================
Received Import Request.
  Time since last request: 148.383596 seconds.
  path: Assets/Animations/Ch24_nonPBR@Walking.fbx
  artifactKey: Guid(ae237f168aa87a24b94db37725db01d5) Importer(815301076,1909f56bfc062723c751e8b465ee728b)
Start importing Assets/Animations/Ch24_nonPBR@Walking.fbx using Guid(ae237f168aa87a24b94db37725db01d5) Importer(815301076,1909f56bfc062723c751e8b465ee728b)  -> (artifact id: '922be2a47a21a8d77a5e6a04cbe2531e') in 0.055995 seconds 
  Import took 0.063457 seconds .

========================================================================
Received Import Request.
  Time since last request: 5.482060 seconds.
  path: Assets/Animations/NinjaWalking.fbx
  artifactKey: Guid(ae237f168aa87a24b94db37725db01d5) Importer(815301076,1909f56bfc062723c751e8b465ee728b)
Start importing Assets/Animations/NinjaWalking.fbx using Guid(ae237f168aa87a24b94db37725db01d5) Importer(815301076,1909f56bfc062723c751e8b465ee728b)  -> (artifact id: '96c4ccf674fe4774984395409e95e6ce') in 0.016119 seconds 
  Import took 0.022755 seconds .

========================================================================
Received Import Request.
  Time since last request: 16.939551 seconds.
  path: Assets/Animations/NinjaWalking.fbx
  artifactKey: Guid(ae237f168aa87a24b94db37725db01d5) Importer(815301076,1909f56bfc062723c751e8b465ee728b)
Start importing Assets/Animations/NinjaWalking.fbx using Guid(ae237f168aa87a24b94db37725db01d5) Importer(815301076,1909f56bfc062723c751e8b465ee728b)  -> (artifact id: 'b253151a86e3097a1765a950682176c1') in 0.011851 seconds 
  Import took 0.020004 seconds .

========================================================================
Received Import Request.
  Time since last request: 444.925831 seconds.
  path: Assets/Animations/Ch24_nonPBR@Running.fbx
  artifactKey: Guid(fcb6aa790cf526b4e8a51a778e619139) Importer(815301076,1909f56bfc062723c751e8b465ee728b)
Start importing Assets/Animations/Ch24_nonPBR@Running.fbx using Guid(fcb6aa790cf526b4e8a51a778e619139) Importer(815301076,1909f56bfc062723c751e8b465ee728b)  -> (artifact id: '3cbb17228698015cc4f3ddb5757da42d') in 0.025779 seconds 
  Import took 0.036261 seconds .

========================================================================
Received Import Request.
  Time since last request: 5.669918 seconds.
  path: Assets/Animations/NinjaRunning.fbx
  artifactKey: Guid(fcb6aa790cf526b4e8a51a778e619139) Importer(815301076,1909f56bfc062723c751e8b465ee728b)
Start importing Assets/Animations/NinjaRunning.fbx using Guid(fcb6aa790cf526b4e8a51a778e619139) Importer(815301076,1909f56bfc062723c751e8b465ee728b)  -> (artifact id: 'eef4101fd2abadcdcc2c7fe1229304c8') in 0.035075 seconds 
  Import took 0.049611 seconds .

========================================================================
Received Import Request.
  Time since last request: 4.578257 seconds.
  path: Assets/Animations/NinjaRunning.fbx
  artifactKey: Guid(fcb6aa790cf526b4e8a51a778e619139) Importer(815301076,1909f56bfc062723c751e8b465ee728b)
Start importing Assets/Animations/NinjaRunning.fbx using Guid(fcb6aa790cf526b4e8a51a778e619139) Importer(815301076,1909f56bfc062723c751e8b465ee728b)  -> (artifact id: 'c4543e116431ee55812eacf1c54aecb9') in 0.015130 seconds 
  Import took 0.023894 seconds .

========================================================================
Received Import Request.
  Time since last request: 27.013551 seconds.
  path: Assets/Animations/NinjaWalking.fbx
  artifactKey: Guid(ae237f168aa87a24b94db37725db01d5) Importer(815301076,1909f56bfc062723c751e8b465ee728b)
Start importing Assets/Animations/NinjaWalking.fbx using Guid(ae237f168aa87a24b94db37725db01d5) Importer(815301076,1909f56bfc062723c751e8b465ee728b)  -> (artifact id: '67851bf7050a1abbe3455244e25bcab8') in 0.015670 seconds 
  Import took 0.026875 seconds .

========================================================================
Received Import Request.
  Time since last request: 3.507266 seconds.
  path: Assets/Animations/NinjaRunning.fbx
  artifactKey: Guid(fcb6aa790cf526b4e8a51a778e619139) Importer(815301076,1909f56bfc062723c751e8b465ee728b)
Start importing Assets/Animations/NinjaRunning.fbx using Guid(fcb6aa790cf526b4e8a51a778e619139) Importer(815301076,1909f56bfc062723c751e8b465ee728b)  -> (artifact id: 'cedca3d4a986ca863072514d67c3d429') in 0.015699 seconds 
  Import took 0.026389 seconds .

========================================================================
Received Import Request.
  Time since last request: 30.239233 seconds.
  path: Assets/Scripts/PlayerController.cs
  artifactKey: Guid(936dceb6f2fe2c748b11bdb4346b6eb8) Importer(815301076,1909f56bfc062723c751e8b465ee728b)
Start importing Assets/Scripts/PlayerController.cs using Guid(936dceb6f2fe2c748b11bdb4346b6eb8) Importer(815301076,1909f56bfc062723c751e8b465ee728b)  -> (artifact id: '8f0a21138f2e9a91d609b763912eb2a2') in 0.029226 seconds 
  Import took 0.040664 seconds .

========================================================================
Received Prepare
Registering precompiled user dll's ...
Registered in 0.006559 seconds.
Begin MonoManager ReloadAssembly
Native extension for WindowsStandalone target not found
Native extension for WebGL target not found
Refreshing native plugins compatible for Editor in 0.90 ms, found 2 plugins.
Preloading 0 native plugins for Editor in 0.00 ms.
Mono: successfully reloaded assembly
- Completed reload, in  2.243 seconds
Domain Reload Profiling:
	ReloadAssembly (2243ms)
		BeginReloadAssembly (245ms)
			ExecutionOrderSort (0ms)
			DisableScriptedObjects (10ms)
			BackupInstance (0ms)
			ReleaseScriptingObjects (0ms)
			CreateAndSetChildDomain (69ms)
		EndReloadAssembly (1880ms)
			LoadAssemblies (224ms)
			RebuildTransferFunctionScriptingTraits (0ms)
			SetupTypeCache (648ms)
			ReleaseScriptCaches (2ms)
			RebuildScriptCaches (82ms)
			SetupLoadedEditorAssemblies (647ms)
				LogAssemblyErrors (0ms)
				InitializePlatformSupportModulesInManaged (10ms)
				SetLoadedEditorAssemblies (1ms)
				RefreshPlugins (1ms)
				BeforeProcessingInitializeOnLoad (180ms)
				ProcessInitializeOnLoadAttributes (430ms)
				ProcessInitializeOnLoadMethodAttributes (20ms)
				AfterProcessingInitializeOnLoad (5ms)
				EditorAssembliesLoaded (1ms)
			ExecutionOrderSort2 (0ms)
			AwakeInstancesAfterBackupRestoration (36ms)
Platform modules already initialized, skipping
Refreshing native plugins compatible for Editor in 0.84 ms, found 2 plugins.
Preloading 0 native plugins for Editor in 0.00 ms.
Unloading 2705 Unused Serialized files (Serialized files now loaded: 0)
System memory in use before: 138.7 MB.
System memory in use after: 138.9 MB.

Unloading 12 unused Assets to reduce memory usage. Loaded Objects now: 3352.
Total: 6.082400 ms (FindLiveObjects: 0.415900 ms CreateObjectMapping: 0.228600 ms MarkObjects: 5.403200 ms  DeleteObjects: 0.032900 ms)

AssetImportParameters requested are different than current active one (requested -> active):
  custom:framework-win-MediaFoundation: 216162199b28c13a410421893ffa2e32 -> 
  custom:video-decoder-ogg-theora: a1e56fd34408186e4bbccfd4996cb3dc -> 
  custom:container-muxer-webm: aa71ff27fc2769a1b78a27578f13a17b -> 
  custom:container-demuxer-webm: 4f35f7cbe854078d1ac9338744f61a02 -> 
  custom:container-demuxer-ogg: 62fdf1f143b41e24485cea50d1cbac27 -> 
  custom:video-encoder-webm-vp8: eb34c28f22e8b96e1ab97ce403110664 -> 
  custom:video-decoder-webm-vp8: 9c59270c3fd7afecdb556c50c9e8de78 -> 
  custom:audio-decoder-ogg-vorbis: bf7c407c2cedff20999df2af8eb42d56 -> 
  custom:audio-encoder-webm-vorbis: bf7c407c2cedff20999df2af8eb42d56 -> 
========================================================================
Received Prepare
Registering precompiled user dll's ...
Registered in 0.010053 seconds.
Begin MonoManager ReloadAssembly
Native extension for WindowsStandalone target not found
Native extension for WebGL target not found
Refreshing native plugins compatible for Editor in 159.55 ms, found 2 plugins.
Preloading 0 native plugins for Editor in 0.00 ms.
Mono: successfully reloaded assembly
- Completed reload, in  1.910 seconds
Domain Reload Profiling:
	ReloadAssembly (1911ms)
		BeginReloadAssembly (236ms)
			ExecutionOrderSort (0ms)
			DisableScriptedObjects (11ms)
			BackupInstance (0ms)
			ReleaseScriptingObjects (0ms)
			CreateAndSetChildDomain (63ms)
		EndReloadAssembly (1554ms)
			LoadAssemblies (206ms)
			RebuildTransferFunctionScriptingTraits (0ms)
			SetupTypeCache (529ms)
			ReleaseScriptCaches (2ms)
			RebuildScriptCaches (64ms)
			SetupLoadedEditorAssemblies (493ms)
				LogAssemblyErrors (0ms)
				InitializePlatformSupportModulesInManaged (8ms)
				SetLoadedEditorAssemblies (0ms)
				RefreshPlugins (160ms)
				BeforeProcessingInitializeOnLoad (134ms)
				ProcessInitializeOnLoadAttributes (178ms)
				ProcessInitializeOnLoadMethodAttributes (8ms)
				AfterProcessingInitializeOnLoad (5ms)
				EditorAssembliesLoaded (0ms)
			ExecutionOrderSort2 (0ms)
			AwakeInstancesAfterBackupRestoration (14ms)
Platform modules already initialized, skipping
Refreshing native plugins compatible for Editor in 0.94 ms, found 2 plugins.
Preloading 0 native plugins for Editor in 0.00 ms.
Unloading 3042 Unused Serialized files (Serialized files now loaded: 0)
System memory in use before: 148.2 MB.
System memory in use after: 148.4 MB.

Unloading 58 unused Assets to reduce memory usage. Loaded Objects now: 3641.
Total: 5.219800 ms (FindLiveObjects: 0.476400 ms CreateObjectMapping: 0.259700 ms MarkObjects: 4.043300 ms  DeleteObjects: 0.438700 ms)

AssetImportParameters requested are different than current active one (requested -> active):
  custom:framework-win-MediaFoundation: 216162199b28c13a410421893ffa2e32 -> 
  custom:video-decoder-ogg-theora: a1e56fd34408186e4bbccfd4996cb3dc -> 
  custom:container-muxer-webm: aa71ff27fc2769a1b78a27578f13a17b -> 
  custom:container-demuxer-webm: 4f35f7cbe854078d1ac9338744f61a02 -> 
  custom:container-demuxer-ogg: 62fdf1f143b41e24485cea50d1cbac27 -> 
  custom:srp/default-shader: 0000e00a000e0de00000e000e0000000 -> 00a0da0d000000000000000000000000
  custom:video-encoder-webm-vp8: eb34c28f22e8b96e1ab97ce403110664 -> 
  custom:video-decoder-webm-vp8: 9c59270c3fd7afecdb556c50c9e8de78 -> 
  custom:audio-decoder-ogg-vorbis: bf7c407c2cedff20999df2af8eb42d56 -> 
  custom:audio-encoder-webm-vorbis: bf7c407c2cedff20999df2af8eb42d56 -> 
AssetImportWorkerClient::OnTransportError - code=2 error=End of file
