Using pre-set license
Built from '2020.3/staging' branch; Version is '2020.3.26f1 (7298b473bc1a) revision 7510196'; Using compiler version '192528614'; Build Type 'Release'
OS: 'Windows 10  (10.0.19044) 64bit Core' Language: 'en' Physical Memory: 16296 MB
BatchMode: 1, IsHumanControllingUs: 0, StartBugReporterOnCrash: 0, Is64bit: 1, IsPro: 0

COMMAND LINE ARGUMENTS:
D:\Program Files\Unity\2020.3.26f1\Editor\Unity.exe
-adb2
-batchMode
-noUpm
-name
AssetImportWorker0
-projectPath
D:/Projects/Unity Projects/TPCombat
-logFile
Logs/AssetImportWorker0.log
-srvPort
49880
Successfully changed project path to: D:/Projects/Unity Projects/TPCombat
D:/Projects/Unity Projects/TPCombat
Using Asset Import Pipeline V2.
Refreshing native plugins compatible for Editor in 127.60 ms, found 2 plugins.
Preloading 0 native plugins for Editor in 0.00 ms.
Initialize engine version: 2020.3.26f1 (7298b473bc1a)
[Subsystems] Discovering subsystems at path D:/Program Files/Unity/2020.3.26f1/Editor/Data/Resources/UnitySubsystems
[Subsystems] Discovering subsystems at path D:/Projects/Unity Projects/TPCombat/Assets
GfxDevice: creating device client; threaded=0
Direct3D:
    Version:  Direct3D 11.0 [level 11.0]
    Renderer: NVIDIA GeForce GTX 960M (ID=0x139b)
    Vendor:   
    VRAM:     4055 MB
    Driver:   31.0.15.1659
Initialize mono
Mono path[0] = 'D:/Program Files/Unity/2020.3.26f1/Editor/Data/Managed'
Mono path[1] = 'D:/Program Files/Unity/2020.3.26f1/Editor/Data/MonoBleedingEdge/lib/mono/unityjit'
Mono config path = 'D:/Program Files/Unity/2020.3.26f1/Editor/Data/MonoBleedingEdge/etc'
Using monoOptions --debugger-agent=transport=dt_socket,embedding=1,server=y,suspend=n,address=127.0.0.1:56792
Begin MonoManager ReloadAssembly
Registering precompiled unity dll's ...
Register platform support module: D:/Program Files/Unity/2020.3.26f1/Editor/Data/PlaybackEngines/WebGLSupport/UnityEditor.WebGL.Extensions.dll
Register platform support module: D:/Program Files/Unity/2020.3.26f1/Editor/Data/PlaybackEngines/WindowsStandaloneSupport/UnityEditor.WindowsStandalone.Extensions.dll
Registered in 0.003219 seconds.
Native extension for WindowsStandalone target not found
Native extension for WebGL target not found
Refreshing native plugins compatible for Editor in 132.45 ms, found 2 plugins.
Preloading 0 native plugins for Editor in 0.00 ms.
Mono: successfully reloaded assembly
- Completed reload, in  1.376 seconds
Domain Reload Profiling:
	ReloadAssembly (1376ms)
		BeginReloadAssembly (148ms)
			ExecutionOrderSort (0ms)
			DisableScriptedObjects (0ms)
			BackupInstance (0ms)
			ReleaseScriptingObjects (0ms)
			CreateAndSetChildDomain (2ms)
		EndReloadAssembly (1076ms)
			LoadAssemblies (149ms)
			RebuildTransferFunctionScriptingTraits (0ms)
			SetupTypeCache (355ms)
			ReleaseScriptCaches (0ms)
			RebuildScriptCaches (65ms)
			SetupLoadedEditorAssemblies (430ms)
				LogAssemblyErrors (0ms)
				InitializePlatformSupportModulesInManaged (11ms)
				SetLoadedEditorAssemblies (0ms)
				RefreshPlugins (133ms)
				BeforeProcessingInitializeOnLoad (36ms)
				ProcessInitializeOnLoadAttributes (185ms)
				ProcessInitializeOnLoadMethodAttributes (64ms)
				AfterProcessingInitializeOnLoad (0ms)
				EditorAssembliesLoaded (1ms)
			ExecutionOrderSort2 (0ms)
			AwakeInstancesAfterBackupRestoration (0ms)
Platform modules already initialized, skipping
Registering precompiled user dll's ...
Registered in 0.008949 seconds.
Begin MonoManager ReloadAssembly
Native extension for WindowsStandalone target not found
Native extension for WebGL target not found
Refreshing native plugins compatible for Editor in 118.36 ms, found 2 plugins.
Preloading 0 native plugins for Editor in 0.00 ms.
Mono: successfully reloaded assembly
- Completed reload, in  2.476 seconds
Domain Reload Profiling:
	ReloadAssembly (2477ms)
		BeginReloadAssembly (320ms)
			ExecutionOrderSort (0ms)
			DisableScriptedObjects (10ms)
			BackupInstance (0ms)
			ReleaseScriptingObjects (0ms)
			CreateAndSetChildDomain (35ms)
		EndReloadAssembly (2043ms)
			LoadAssemblies (221ms)
			RebuildTransferFunctionScriptingTraits (0ms)
			SetupTypeCache (694ms)
			ReleaseScriptCaches (1ms)
			RebuildScriptCaches (99ms)
			SetupLoadedEditorAssemblies (816ms)
				LogAssemblyErrors (0ms)
				InitializePlatformSupportModulesInManaged (9ms)
				SetLoadedEditorAssemblies (0ms)
				RefreshPlugins (118ms)
				BeforeProcessingInitializeOnLoad (175ms)
				ProcessInitializeOnLoadAttributes (491ms)
				ProcessInitializeOnLoadMethodAttributes (17ms)
				AfterProcessingInitializeOnLoad (5ms)
				EditorAssembliesLoaded (0ms)
			ExecutionOrderSort2 (0ms)
			AwakeInstancesAfterBackupRestoration (13ms)
Platform modules already initialized, skipping
========================================================================
Worker process is ready to serve import requests
Launched and connected shader compiler UnityShaderCompiler.exe after 0.07 seconds
Refreshing native plugins compatible for Editor in 0.96 ms, found 2 plugins.
Preloading 0 native plugins for Editor in 0.00 ms.
Unloading 3152 Unused Serialized files (Serialized files now loaded: 0)
System memory in use before: 138.7 MB.
System memory in use after: 138.9 MB.

Unloading 20 unused Assets to reduce memory usage. Loaded Objects now: 3588.
Total: 6.600900 ms (FindLiveObjects: 0.368700 ms CreateObjectMapping: 0.263000 ms MarkObjects: 5.838300 ms  DeleteObjects: 0.129300 ms)

AssetImportParameters requested are different than current active one (requested -> active):
  custom:framework-win-MediaFoundation: 216162199b28c13a410421893ffa2e32 -> 
  custom:video-decoder-ogg-theora: a1e56fd34408186e4bbccfd4996cb3dc -> 
  custom:container-muxer-webm: aa71ff27fc2769a1b78a27578f13a17b -> 
  custom:container-demuxer-webm: 4f35f7cbe854078d1ac9338744f61a02 -> 
  custom:container-demuxer-ogg: 62fdf1f143b41e24485cea50d1cbac27 -> 
  custom:video-encoder-webm-vp8: eb34c28f22e8b96e1ab97ce403110664 -> 
  custom:video-decoder-webm-vp8: 9c59270c3fd7afecdb556c50c9e8de78 -> 
  custom:audio-decoder-ogg-vorbis: bf7c407c2cedff20999df2af8eb42d56 -> 
  custom:audio-encoder-webm-vorbis: bf7c407c2cedff20999df2af8eb42d56 -> 
========================================================================
Received Import Request.
  path: Assets/InputSystem.inputsettings.asset
  artifactKey: Guid(198a6a08f135c624da32ddfd3d67bdb7) Importer(815301076,1909f56bfc062723c751e8b465ee728b)
Start importing Assets/InputSystem.inputsettings.asset using Guid(198a6a08f135c624da32ddfd3d67bdb7) Importer(815301076,1909f56bfc062723c751e8b465ee728b)  -> (artifact id: '050a01c3fd58a52b18ae2c777404b864') in 0.083166 seconds 
  Import took 0.092682 seconds .

========================================================================
Received Import Request.
  Time since last request: 82.827407 seconds.
  path: Assets/PlayerActions.inputactions
  artifactKey: Guid(06d6eb08ce0eb634391162e13ad42a36) Importer(815301076,1909f56bfc062723c751e8b465ee728b)
Start importing Assets/PlayerActions.inputactions using Guid(06d6eb08ce0eb634391162e13ad42a36) Importer(815301076,1909f56bfc062723c751e8b465ee728b)  -> (artifact id: 'bceaca4b605c92bba0a2216150bcda4a') in 0.048816 seconds 
  Import took 0.063541 seconds .

========================================================================
Received Import Request.
  Time since last request: 102.945570 seconds.
  path: Assets/Scripts/Player.cs
  artifactKey: Guid(73bf069d8724c064b9b11d805ed490fc) Importer(815301076,1909f56bfc062723c751e8b465ee728b)
Start importing Assets/Scripts/Player.cs using Guid(73bf069d8724c064b9b11d805ed490fc) Importer(815301076,1909f56bfc062723c751e8b465ee728b)  -> (artifact id: 'a9e59883d0cbade9885f8fded7ae666a') in 0.018572 seconds 
  Import took 0.032950 seconds .

========================================================================
Received Prepare
Registering precompiled user dll's ...
Registered in 0.006352 seconds.
Begin MonoManager ReloadAssembly
Native extension for WindowsStandalone target not found
Native extension for WebGL target not found
Refreshing native plugins compatible for Editor in 1.04 ms, found 2 plugins.
Preloading 0 native plugins for Editor in 0.00 ms.
Mono: successfully reloaded assembly
- Completed reload, in  2.591 seconds
Domain Reload Profiling:
	ReloadAssembly (2592ms)
		BeginReloadAssembly (285ms)
			ExecutionOrderSort (0ms)
			DisableScriptedObjects (10ms)
			BackupInstance (0ms)
			ReleaseScriptingObjects (0ms)
			CreateAndSetChildDomain (80ms)
		EndReloadAssembly (2155ms)
			LoadAssemblies (265ms)
			RebuildTransferFunctionScriptingTraits (0ms)
			SetupTypeCache (747ms)
			ReleaseScriptCaches (2ms)
			RebuildScriptCaches (90ms)
			SetupLoadedEditorAssemblies (826ms)
				LogAssemblyErrors (0ms)
				InitializePlatformSupportModulesInManaged (10ms)
				SetLoadedEditorAssemblies (1ms)
				RefreshPlugins (1ms)
				BeforeProcessingInitializeOnLoad (258ms)
				ProcessInitializeOnLoadAttributes (529ms)
				ProcessInitializeOnLoadMethodAttributes (20ms)
				AfterProcessingInitializeOnLoad (5ms)
				EditorAssembliesLoaded (1ms)
			ExecutionOrderSort2 (0ms)
			AwakeInstancesAfterBackupRestoration (28ms)
Platform modules already initialized, skipping
Refreshing native plugins compatible for Editor in 1.10 ms, found 2 plugins.
Preloading 0 native plugins for Editor in 0.00 ms.
Unloading 3043 Unused Serialized files (Serialized files now loaded: 0)
System memory in use before: 131.6 MB.
System memory in use after: 131.9 MB.

Unloading 13 unused Assets to reduce memory usage. Loaded Objects now: 3591.
Total: 6.209200 ms (FindLiveObjects: 0.411600 ms CreateObjectMapping: 0.268300 ms MarkObjects: 5.492800 ms  DeleteObjects: 0.034500 ms)

AssetImportParameters requested are different than current active one (requested -> active):
  custom:framework-win-MediaFoundation: 216162199b28c13a410421893ffa2e32 -> 
  custom:video-decoder-ogg-theora: a1e56fd34408186e4bbccfd4996cb3dc -> 
  custom:container-muxer-webm: aa71ff27fc2769a1b78a27578f13a17b -> 
  custom:container-demuxer-webm: 4f35f7cbe854078d1ac9338744f61a02 -> 
  custom:container-demuxer-ogg: 62fdf1f143b41e24485cea50d1cbac27 -> 
  custom:video-encoder-webm-vp8: eb34c28f22e8b96e1ab97ce403110664 -> 
  custom:video-decoder-webm-vp8: 9c59270c3fd7afecdb556c50c9e8de78 -> 
  custom:audio-decoder-ogg-vorbis: bf7c407c2cedff20999df2af8eb42d56 -> 
  custom:audio-encoder-webm-vorbis: bf7c407c2cedff20999df2af8eb42d56 -> 
========================================================================
Received Import Request.
  Time since last request: 161.700803 seconds.
  path: Assets/Scripts/Player.cs
  artifactKey: Guid(73bf069d8724c064b9b11d805ed490fc) Importer(815301076,1909f56bfc062723c751e8b465ee728b)
Start importing Assets/Scripts/Player.cs using Guid(73bf069d8724c064b9b11d805ed490fc) Importer(815301076,1909f56bfc062723c751e8b465ee728b)  -> (artifact id: '786db6997fe7fcbabc6cad3c2bababa5') in 0.011295 seconds 
  Import took 0.022784 seconds .

========================================================================
Received Import Request.
  Time since last request: 76.599338 seconds.
  path: Assets/Scripts/Player.cs
  artifactKey: Guid(73bf069d8724c064b9b11d805ed490fc) Importer(815301076,1909f56bfc062723c751e8b465ee728b)
Start importing Assets/Scripts/Player.cs using Guid(73bf069d8724c064b9b11d805ed490fc) Importer(815301076,1909f56bfc062723c751e8b465ee728b)  -> (artifact id: '3b698e2c2bc5fde76aa24e67296af6ab') in 0.004627 seconds 
  Import took 0.016247 seconds .

========================================================================
Received Import Request.
  Time since last request: 19.153877 seconds.
  path: Assets/Scripts/PlayerController.cs
  artifactKey: Guid(936dceb6f2fe2c748b11bdb4346b6eb8) Importer(815301076,1909f56bfc062723c751e8b465ee728b)
Start importing Assets/Scripts/PlayerController.cs using Guid(936dceb6f2fe2c748b11bdb4346b6eb8) Importer(815301076,1909f56bfc062723c751e8b465ee728b)  -> (artifact id: '710ba1ccbbe3217abac9b0bbd921bb3b') in 0.012509 seconds 
  Import took 0.024556 seconds .

========================================================================
Received Prepare
Registering precompiled user dll's ...
Registered in 0.006428 seconds.
Begin MonoManager ReloadAssembly
Native extension for WindowsStandalone target not found
Native extension for WebGL target not found
Refreshing native plugins compatible for Editor in 1.10 ms, found 2 plugins.
Preloading 0 native plugins for Editor in 0.00 ms.
Mono: successfully reloaded assembly
- Completed reload, in  2.337 seconds
Domain Reload Profiling:
	ReloadAssembly (2338ms)
		BeginReloadAssembly (253ms)
			ExecutionOrderSort (0ms)
			DisableScriptedObjects (9ms)
			BackupInstance (0ms)
			ReleaseScriptingObjects (0ms)
			CreateAndSetChildDomain (70ms)
		EndReloadAssembly (1956ms)
			LoadAssemblies (234ms)
			RebuildTransferFunctionScriptingTraits (0ms)
			SetupTypeCache (708ms)
			ReleaseScriptCaches (2ms)
			RebuildScriptCaches (87ms)
			SetupLoadedEditorAssemblies (721ms)
				LogAssemblyErrors (0ms)
				InitializePlatformSupportModulesInManaged (10ms)
				SetLoadedEditorAssemblies (1ms)
				RefreshPlugins (1ms)
				BeforeProcessingInitializeOnLoad (188ms)
				ProcessInitializeOnLoadAttributes (497ms)
				ProcessInitializeOnLoadMethodAttributes (18ms)
				AfterProcessingInitializeOnLoad (5ms)
				EditorAssembliesLoaded (0ms)
			ExecutionOrderSort2 (0ms)
			AwakeInstancesAfterBackupRestoration (20ms)
Platform modules already initialized, skipping
Refreshing native plugins compatible for Editor in 0.96 ms, found 2 plugins.
Preloading 0 native plugins for Editor in 0.00 ms.
Unloading 3043 Unused Serialized files (Serialized files now loaded: 0)
System memory in use before: 131.7 MB.
System memory in use after: 131.9 MB.

Unloading 13 unused Assets to reduce memory usage. Loaded Objects now: 3593.
Total: 11.254800 ms (FindLiveObjects: 0.375400 ms CreateObjectMapping: 0.288600 ms MarkObjects: 10.547500 ms  DeleteObjects: 0.041100 ms)

AssetImportParameters requested are different than current active one (requested -> active):
  custom:framework-win-MediaFoundation: 216162199b28c13a410421893ffa2e32 -> 
  custom:video-decoder-ogg-theora: a1e56fd34408186e4bbccfd4996cb3dc -> 
  custom:container-muxer-webm: aa71ff27fc2769a1b78a27578f13a17b -> 
  custom:container-demuxer-webm: 4f35f7cbe854078d1ac9338744f61a02 -> 
  custom:container-demuxer-ogg: 62fdf1f143b41e24485cea50d1cbac27 -> 
  custom:video-encoder-webm-vp8: eb34c28f22e8b96e1ab97ce403110664 -> 
  custom:video-decoder-webm-vp8: 9c59270c3fd7afecdb556c50c9e8de78 -> 
  custom:audio-decoder-ogg-vorbis: bf7c407c2cedff20999df2af8eb42d56 -> 
  custom:audio-encoder-webm-vorbis: bf7c407c2cedff20999df2af8eb42d56 -> 
========================================================================
Received Prepare
Registering precompiled user dll's ...
Registered in 0.006929 seconds.
Begin MonoManager ReloadAssembly
Native extension for WindowsStandalone target not found
Native extension for WebGL target not found
Refreshing native plugins compatible for Editor in 1.08 ms, found 2 plugins.
Preloading 0 native plugins for Editor in 0.00 ms.
Mono: successfully reloaded assembly
- Completed reload, in  2.681 seconds
Domain Reload Profiling:
	ReloadAssembly (2682ms)
		BeginReloadAssembly (262ms)
			ExecutionOrderSort (0ms)
			DisableScriptedObjects (11ms)
			BackupInstance (0ms)
			ReleaseScriptingObjects (0ms)
			CreateAndSetChildDomain (76ms)
		EndReloadAssembly (2283ms)
			LoadAssemblies (258ms)
			RebuildTransferFunctionScriptingTraits (0ms)
			SetupTypeCache (773ms)
			ReleaseScriptCaches (2ms)
			RebuildScriptCaches (99ms)
			SetupLoadedEditorAssemblies (910ms)
				LogAssemblyErrors (0ms)
				InitializePlatformSupportModulesInManaged (11ms)
				SetLoadedEditorAssemblies (2ms)
				RefreshPlugins (1ms)
				BeforeProcessingInitializeOnLoad (192ms)
				ProcessInitializeOnLoadAttributes (678ms)
				ProcessInitializeOnLoadMethodAttributes (20ms)
				AfterProcessingInitializeOnLoad (5ms)
				EditorAssembliesLoaded (1ms)
			ExecutionOrderSort2 (0ms)
			AwakeInstancesAfterBackupRestoration (24ms)
Platform modules already initialized, skipping
Refreshing native plugins compatible for Editor in 0.99 ms, found 2 plugins.
Preloading 0 native plugins for Editor in 0.00 ms.
Unloading 3043 Unused Serialized files (Serialized files now loaded: 0)
System memory in use before: 131.7 MB.
System memory in use after: 131.9 MB.

Unloading 13 unused Assets to reduce memory usage. Loaded Objects now: 3595.
Total: 8.229100 ms (FindLiveObjects: 0.649400 ms CreateObjectMapping: 0.548700 ms MarkObjects: 6.989400 ms  DeleteObjects: 0.039000 ms)

AssetImportParameters requested are different than current active one (requested -> active):
  custom:framework-win-MediaFoundation: 216162199b28c13a410421893ffa2e32 -> 
  custom:video-decoder-ogg-theora: a1e56fd34408186e4bbccfd4996cb3dc -> 
  custom:container-muxer-webm: aa71ff27fc2769a1b78a27578f13a17b -> 
  custom:container-demuxer-webm: 4f35f7cbe854078d1ac9338744f61a02 -> 
  custom:container-demuxer-ogg: 62fdf1f143b41e24485cea50d1cbac27 -> 
  custom:video-encoder-webm-vp8: eb34c28f22e8b96e1ab97ce403110664 -> 
  custom:video-decoder-webm-vp8: 9c59270c3fd7afecdb556c50c9e8de78 -> 
  custom:audio-decoder-ogg-vorbis: bf7c407c2cedff20999df2af8eb42d56 -> 
  custom:audio-encoder-webm-vorbis: bf7c407c2cedff20999df2af8eb42d56 -> 
========================================================================
Received Import Request.
  Time since last request: 107.470022 seconds.
  path: Assets/Animations/PlayerAC.controller
  artifactKey: Guid(8ac6aa1cbce416446af72effd0a43c64) Importer(815301076,1909f56bfc062723c751e8b465ee728b)
Start importing Assets/Animations/PlayerAC.controller using Guid(8ac6aa1cbce416446af72effd0a43c64) Importer(815301076,1909f56bfc062723c751e8b465ee728b)  -> (artifact id: 'bf91dc29bc21521272ffc79abb77dad4') in 0.061484 seconds 
  Import took 0.072554 seconds .

========================================================================
Received Import Request.
  Time since last request: 94.833336 seconds.
  path: Assets/Animations/NinjaRunning.fbx
  artifactKey: Guid(fcb6aa790cf526b4e8a51a778e619139) Importer(815301076,1909f56bfc062723c751e8b465ee728b)
Start importing Assets/Animations/NinjaRunning.fbx using Guid(fcb6aa790cf526b4e8a51a778e619139) Importer(815301076,1909f56bfc062723c751e8b465ee728b)  -> (artifact id: 'c19cf1959d4bb3d000be9b15221dddde') in 0.056804 seconds 
  Import took 0.066273 seconds .

========================================================================
Received Import Request.
  Time since last request: 6.268151 seconds.
  path: Assets/Animations/NinjaWalking.fbx
  artifactKey: Guid(ae237f168aa87a24b94db37725db01d5) Importer(815301076,1909f56bfc062723c751e8b465ee728b)
Start importing Assets/Animations/NinjaWalking.fbx using Guid(ae237f168aa87a24b94db37725db01d5) Importer(815301076,1909f56bfc062723c751e8b465ee728b)  -> (artifact id: '186cf341e33741a663396c26efcc820e') in 0.016265 seconds 
  Import took 0.027430 seconds .

========================================================================
Received Import Request.
  Time since last request: 9.097792 seconds.
  path: Assets/Animations/NinjaIdle.fbx
  artifactKey: Guid(2256d794a08916e4d83901ac0310ceb4) Importer(815301076,1909f56bfc062723c751e8b465ee728b)
Start importing Assets/Animations/NinjaIdle.fbx using Guid(2256d794a08916e4d83901ac0310ceb4) Importer(815301076,1909f56bfc062723c751e8b465ee728b)  -> (artifact id: 'd18150bd12d26ae4e9781a95220355ad') in 0.035218 seconds 
  Import took 0.051416 seconds .

========================================================================
Received Import Request.
  Time since last request: 7.337827 seconds.
  path: Assets/Meshes/Ch24_Body.mat
  artifactKey: Guid(e58133e0852d3b847bc069efa6197b30) Importer(815301076,1909f56bfc062723c751e8b465ee728b)
Start importing Assets/Meshes/Ch24_Body.mat using Guid(e58133e0852d3b847bc069efa6197b30) Importer(815301076,1909f56bfc062723c751e8b465ee728b)  -> (artifact id: '703c301cd93f0c37e034493f84975b02') in 0.536189 seconds 
  Import took 0.548153 seconds .

========================================================================
Received Prepare
Registering precompiled user dll's ...
Registered in 0.006327 seconds.
Begin MonoManager ReloadAssembly
Native extension for WindowsStandalone target not found
Native extension for WebGL target not found
Refreshing native plugins compatible for Editor in 0.99 ms, found 2 plugins.
Preloading 0 native plugins for Editor in 0.00 ms.
Mono: successfully reloaded assembly
- Completed reload, in  2.514 seconds
Domain Reload Profiling:
	ReloadAssembly (2515ms)
		BeginReloadAssembly (308ms)
			ExecutionOrderSort (0ms)
			DisableScriptedObjects (17ms)
			BackupInstance (0ms)
			ReleaseScriptingObjects (0ms)
			CreateAndSetChildDomain (76ms)
		EndReloadAssembly (2090ms)
			LoadAssemblies (264ms)
			RebuildTransferFunctionScriptingTraits (0ms)
			SetupTypeCache (682ms)
			ReleaseScriptCaches (2ms)
			RebuildScriptCaches (86ms)
			SetupLoadedEditorAssemblies (759ms)
				LogAssemblyErrors (0ms)
				InitializePlatformSupportModulesInManaged (11ms)
				SetLoadedEditorAssemblies (1ms)
				RefreshPlugins (1ms)
				BeforeProcessingInitializeOnLoad (191ms)
				ProcessInitializeOnLoadAttributes (533ms)
				ProcessInitializeOnLoadMethodAttributes (17ms)
				AfterProcessingInitializeOnLoad (5ms)
				EditorAssembliesLoaded (0ms)
			ExecutionOrderSort2 (0ms)
			AwakeInstancesAfterBackupRestoration (32ms)
Platform modules already initialized, skipping
Refreshing native plugins compatible for Editor in 1.49 ms, found 2 plugins.
Preloading 0 native plugins for Editor in 0.00 ms.
Unloading 3043 Unused Serialized files (Serialized files now loaded: 0)
System memory in use before: 137.2 MB.
System memory in use after: 137.4 MB.

Unloading 13 unused Assets to reduce memory usage. Loaded Objects now: 3675.
Total: 7.231900 ms (FindLiveObjects: 0.470900 ms CreateObjectMapping: 0.426500 ms MarkObjects: 6.301600 ms  DeleteObjects: 0.031100 ms)

AssetImportParameters requested are different than current active one (requested -> active):
  custom:framework-win-MediaFoundation: 216162199b28c13a410421893ffa2e32 -> 
  custom:video-decoder-ogg-theora: a1e56fd34408186e4bbccfd4996cb3dc -> 
  custom:container-muxer-webm: aa71ff27fc2769a1b78a27578f13a17b -> 
  custom:container-demuxer-webm: 4f35f7cbe854078d1ac9338744f61a02 -> 
  custom:container-demuxer-ogg: 62fdf1f143b41e24485cea50d1cbac27 -> 
  custom:video-encoder-webm-vp8: eb34c28f22e8b96e1ab97ce403110664 -> 
  custom:video-decoder-webm-vp8: 9c59270c3fd7afecdb556c50c9e8de78 -> 
  custom:audio-decoder-ogg-vorbis: bf7c407c2cedff20999df2af8eb42d56 -> 
  custom:audio-encoder-webm-vorbis: bf7c407c2cedff20999df2af8eb42d56 -> 
========================================================================
Received Import Request.
  Time since last request: 177.132675 seconds.
  path: Assets/Animations/NinjaIdle.fbx
  artifactKey: Guid(2256d794a08916e4d83901ac0310ceb4) Importer(815301076,1909f56bfc062723c751e8b465ee728b)
Start importing Assets/Animations/NinjaIdle.fbx using Guid(2256d794a08916e4d83901ac0310ceb4) Importer(815301076,1909f56bfc062723c751e8b465ee728b)  -> (artifact id: '0b95d083c8972f1444b4f18324497548') in 0.074141 seconds 
  Import took 0.086666 seconds .

========================================================================
Received Import Request.
  Time since last request: 3.059894 seconds.
  path: Assets/Animations/NinjaRunning.fbx
  artifactKey: Guid(fcb6aa790cf526b4e8a51a778e619139) Importer(815301076,1909f56bfc062723c751e8b465ee728b)
Start importing Assets/Animations/NinjaRunning.fbx using Guid(fcb6aa790cf526b4e8a51a778e619139) Importer(815301076,1909f56bfc062723c751e8b465ee728b)  -> (artifact id: 'fc72bb1f9ad7e09eb50bfa6eb50579ef') in 0.015498 seconds 
  Import took 0.026400 seconds .

========================================================================
Received Import Request.
  Time since last request: 3.765404 seconds.
  path: Assets/Animations/NinjaWalking.fbx
  artifactKey: Guid(ae237f168aa87a24b94db37725db01d5) Importer(815301076,1909f56bfc062723c751e8b465ee728b)
Start importing Assets/Animations/NinjaWalking.fbx using Guid(ae237f168aa87a24b94db37725db01d5) Importer(815301076,1909f56bfc062723c751e8b465ee728b)  -> (artifact id: 'e0082b079145752fb88541060c221e86') in 0.016884 seconds 
  Import took 0.028036 seconds .

========================================================================
Received Prepare
Registering precompiled user dll's ...
Registered in 0.010214 seconds.
Begin MonoManager ReloadAssembly
Native extension for WindowsStandalone target not found
Native extension for WebGL target not found
Refreshing native plugins compatible for Editor in 1.54 ms, found 2 plugins.
Preloading 0 native plugins for Editor in 0.00 ms.
Mono: successfully reloaded assembly
- Completed reload, in  2.676 seconds
Domain Reload Profiling:
	ReloadAssembly (2677ms)
		BeginReloadAssembly (356ms)
			ExecutionOrderSort (0ms)
			DisableScriptedObjects (10ms)
			BackupInstance (0ms)
			ReleaseScriptingObjects (0ms)
			CreateAndSetChildDomain (104ms)
		EndReloadAssembly (2162ms)
			LoadAssemblies (338ms)
			RebuildTransferFunctionScriptingTraits (0ms)
			SetupTypeCache (779ms)
			ReleaseScriptCaches (2ms)
			RebuildScriptCaches (130ms)
			SetupLoadedEditorAssemblies (701ms)
				LogAssemblyErrors (0ms)
				InitializePlatformSupportModulesInManaged (9ms)
				SetLoadedEditorAssemblies (1ms)
				RefreshPlugins (2ms)
				BeforeProcessingInitializeOnLoad (173ms)
				ProcessInitializeOnLoadAttributes (492ms)
				ProcessInitializeOnLoadMethodAttributes (18ms)
				AfterProcessingInitializeOnLoad (5ms)
				EditorAssembliesLoaded (0ms)
			ExecutionOrderSort2 (0ms)
			AwakeInstancesAfterBackupRestoration (36ms)
Platform modules already initialized, skipping
Refreshing native plugins compatible for Editor in 1.41 ms, found 2 plugins.
Preloading 0 native plugins for Editor in 0.00 ms.
Unloading 3043 Unused Serialized files (Serialized files now loaded: 0)
System memory in use before: 137.2 MB.
System memory in use after: 137.4 MB.

Unloading 13 unused Assets to reduce memory usage. Loaded Objects now: 3677.
Total: 6.317200 ms (FindLiveObjects: 0.467100 ms CreateObjectMapping: 0.261100 ms MarkObjects: 5.559900 ms  DeleteObjects: 0.027600 ms)

AssetImportParameters requested are different than current active one (requested -> active):
  custom:framework-win-MediaFoundation: 216162199b28c13a410421893ffa2e32 -> 
  custom:video-decoder-ogg-theora: a1e56fd34408186e4bbccfd4996cb3dc -> 
  custom:container-muxer-webm: aa71ff27fc2769a1b78a27578f13a17b -> 
  custom:container-demuxer-webm: 4f35f7cbe854078d1ac9338744f61a02 -> 
  custom:container-demuxer-ogg: 62fdf1f143b41e24485cea50d1cbac27 -> 
  custom:video-encoder-webm-vp8: eb34c28f22e8b96e1ab97ce403110664 -> 
  custom:video-decoder-webm-vp8: 9c59270c3fd7afecdb556c50c9e8de78 -> 
  custom:audio-decoder-ogg-vorbis: bf7c407c2cedff20999df2af8eb42d56 -> 
  custom:audio-encoder-webm-vorbis: bf7c407c2cedff20999df2af8eb42d56 -> 
========================================================================
Received Import Request.
  Time since last request: 133.747638 seconds.
  path: Assets/Animations/NinjaIdle.fbx
  artifactKey: Guid(2256d794a08916e4d83901ac0310ceb4) Importer(815301076,1909f56bfc062723c751e8b465ee728b)
Start importing Assets/Animations/NinjaIdle.fbx using Guid(2256d794a08916e4d83901ac0310ceb4) Importer(815301076,1909f56bfc062723c751e8b465ee728b)  -> (artifact id: '9739a9d2214cd6e49ca4288eba8a9586') in 0.070327 seconds 
  Import took 0.080815 seconds .

========================================================================
Received Import Request.
  Time since last request: 0.000353 seconds.
  path: Assets/Animations/NinjaRunning.fbx
  artifactKey: Guid(fcb6aa790cf526b4e8a51a778e619139) Importer(815301076,1909f56bfc062723c751e8b465ee728b)
Start importing Assets/Animations/NinjaRunning.fbx using Guid(fcb6aa790cf526b4e8a51a778e619139) Importer(815301076,1909f56bfc062723c751e8b465ee728b)  -> (artifact id: '6ea93574db40d88e8bb96ac0340c7e91') in 0.014094 seconds 
  Import took 0.024837 seconds .

========================================================================
Received Import Request.
  Time since last request: 0.000349 seconds.
  path: Assets/Animations/NinjaWalking.fbx
  artifactKey: Guid(ae237f168aa87a24b94db37725db01d5) Importer(815301076,1909f56bfc062723c751e8b465ee728b)
Start importing Assets/Animations/NinjaWalking.fbx using Guid(ae237f168aa87a24b94db37725db01d5) Importer(815301076,1909f56bfc062723c751e8b465ee728b)  -> (artifact id: '8fc908fa5d2971218a8ac168e182afb0') in 0.014262 seconds 
  Import took 0.023634 seconds .

========================================================================
Received Import Request.
  Time since last request: 3.966496 seconds.
  path: Assets/Animations/NinjaIdle.fbx
  artifactKey: Guid(2256d794a08916e4d83901ac0310ceb4) Importer(815301076,1909f56bfc062723c751e8b465ee728b)
Start importing Assets/Animations/NinjaIdle.fbx using Guid(2256d794a08916e4d83901ac0310ceb4) Importer(815301076,1909f56bfc062723c751e8b465ee728b)  -> (artifact id: '9efc7af60580549796e214da24235a69') in 0.017597 seconds 
  Import took 0.028979 seconds .

========================================================================
Received Import Request.
  Time since last request: 0.000326 seconds.
  path: Assets/Animations/NinjaRunning.fbx
  artifactKey: Guid(fcb6aa790cf526b4e8a51a778e619139) Importer(815301076,1909f56bfc062723c751e8b465ee728b)
Start importing Assets/Animations/NinjaRunning.fbx using Guid(fcb6aa790cf526b4e8a51a778e619139) Importer(815301076,1909f56bfc062723c751e8b465ee728b)  -> (artifact id: '4bcc163487aca8ff1563dc01bc18cd83') in 0.016362 seconds 
  Import took 0.027261 seconds .

========================================================================
Received Import Request.
  Time since last request: 0.000302 seconds.
  path: Assets/Animations/NinjaWalking.fbx
  artifactKey: Guid(ae237f168aa87a24b94db37725db01d5) Importer(815301076,1909f56bfc062723c751e8b465ee728b)
Start importing Assets/Animations/NinjaWalking.fbx using Guid(ae237f168aa87a24b94db37725db01d5) Importer(815301076,1909f56bfc062723c751e8b465ee728b)  -> (artifact id: 'baad550fa7db0b52ec2fb3a6e9707c82') in 0.015986 seconds 
  Import took 0.025299 seconds .

========================================================================
Received Prepare
Registering precompiled user dll's ...
Registered in 0.012963 seconds.
Begin MonoManager ReloadAssembly
Native extension for WindowsStandalone target not found
Native extension for WebGL target not found
Refreshing native plugins compatible for Editor in 1.07 ms, found 2 plugins.
Preloading 0 native plugins for Editor in 0.00 ms.
Mono: successfully reloaded assembly
- Completed reload, in  2.357 seconds
Domain Reload Profiling:
	ReloadAssembly (2358ms)
		BeginReloadAssembly (235ms)
			ExecutionOrderSort (0ms)
			DisableScriptedObjects (9ms)
			BackupInstance (0ms)
			ReleaseScriptingObjects (0ms)
			CreateAndSetChildDomain (64ms)
		EndReloadAssembly (2005ms)
			LoadAssemblies (226ms)
			RebuildTransferFunctionScriptingTraits (0ms)
			SetupTypeCache (671ms)
			ReleaseScriptCaches (2ms)
			RebuildScriptCaches (83ms)
			SetupLoadedEditorAssemblies (742ms)
				LogAssemblyErrors (0ms)
				InitializePlatformSupportModulesInManaged (11ms)
				SetLoadedEditorAssemblies (1ms)
				RefreshPlugins (1ms)
				BeforeProcessingInitializeOnLoad (231ms)
				ProcessInitializeOnLoadAttributes (473ms)
				ProcessInitializeOnLoadMethodAttributes (18ms)
				AfterProcessingInitializeOnLoad (6ms)
				EditorAssembliesLoaded (1ms)
			ExecutionOrderSort2 (0ms)
			AwakeInstancesAfterBackupRestoration (32ms)
Platform modules already initialized, skipping
Refreshing native plugins compatible for Editor in 1.00 ms, found 2 plugins.
Preloading 0 native plugins for Editor in 0.00 ms.
Unloading 3043 Unused Serialized files (Serialized files now loaded: 0)
System memory in use before: 137.2 MB.
System memory in use after: 137.4 MB.

Unloading 13 unused Assets to reduce memory usage. Loaded Objects now: 3679.
Total: 6.215900 ms (FindLiveObjects: 0.465300 ms CreateObjectMapping: 0.259900 ms MarkObjects: 5.461200 ms  DeleteObjects: 0.027700 ms)

AssetImportParameters requested are different than current active one (requested -> active):
  custom:framework-win-MediaFoundation: 216162199b28c13a410421893ffa2e32 -> 
  custom:video-decoder-ogg-theora: a1e56fd34408186e4bbccfd4996cb3dc -> 
  custom:container-muxer-webm: aa71ff27fc2769a1b78a27578f13a17b -> 
  custom:container-demuxer-webm: 4f35f7cbe854078d1ac9338744f61a02 -> 
  custom:container-demuxer-ogg: 62fdf1f143b41e24485cea50d1cbac27 -> 
  custom:video-encoder-webm-vp8: eb34c28f22e8b96e1ab97ce403110664 -> 
  custom:video-decoder-webm-vp8: 9c59270c3fd7afecdb556c50c9e8de78 -> 
  custom:audio-decoder-ogg-vorbis: bf7c407c2cedff20999df2af8eb42d56 -> 
  custom:audio-encoder-webm-vorbis: bf7c407c2cedff20999df2af8eb42d56 -> 
AssetImportWorkerClient::OnTransportError - code=2 error=End of file
